<?xml version="1.0" encoding="UTF-8"?>
<!-- Generated by org.testng.reporters.JUnitReportReporter -->
<testsuite hostname="TYSS-Abhay-Kumar" failures="0" tests="1" name="com.qsp.Magneto.TestClass" time="4.963" errors="0" timestamp="2024-09-13T13:14:31 IST" skipped="0">
  <testcase classname="com.qsp.Magneto.TestClass" name="demo" time="4.963"/>
  <system-out/>
</testsuite> <!-- com.qsp.Magneto.TestClass -->
