<?xml version="1.0" encoding="UTF-8"?>
<!-- Generated by org.testng.reporters.JUnitReportReporter -->
<testsuite hostname="TYSS-Abhay-Kumar" failures="0" tests="1" name="com.qsp.Magneto.user.UserRegistrationTest" time="12.515" errors="0" timestamp="2024-09-17T12:33:12 IST" skipped="0">
  <testcase classname="com.qsp.Magneto.user.UserRegistrationTest" name="veriFyUserIsAbleToRegister" time="12.515"/>
  <system-out/>
</testsuite> <!-- com.qsp.Magneto.user.UserRegistrationTest -->
