<?xml version="1.0" encoding="UTF-8"?>
<!-- Generated by org.testng.reporters.JUnitReportReporter -->
<testsuite hostname="TYSS-Abhay-Kumar" failures="0" tests="1" name="com.qsp.Magneto.user.TestClass" time="3.704" errors="0" timestamp="2024-09-16T17:36:00 IST" skipped="0">
  <testcase classname="com.qsp.Magneto.user.TestClass" name="demo" time="3.704"/>
  <system-out/>
</testsuite> <!-- com.qsp.Magneto.user.TestClass -->
